<?xml version="1.0" encoding="UTF-8"?>
<testng-results skipped="0" failed="0" total="1" passed="1">
  <reporter-output>
  </reporter-output>
  <suite name="Default suite" duration-ms="141788" started-at="2017-02-11T04:59:55Z" finished-at="2017-02-11T05:02:17Z">
    <groups>
    </groups>
    <test name="Default test" duration-ms="141788" started-at="2017-02-11T04:59:55Z" finished-at="2017-02-11T05:02:17Z">
      <class name="com.commonsite.test.Amazon_Test">
        <test-method status="PASS" signature="Project_AddCartValidation()[pri:0, instance:com.commonsite.test.Amazon_Test@47fd17e3]" name="Project_AddCartValidation" duration-ms="141759" started-at="2017-02-11T10:29:55Z" finished-at="2017-02-11T10:32:17Z">
          <reporter-output>
          </reporter-output>
        </test-method> <!-- Project_AddCartValidation -->
      </class> <!-- com.commonsite.test.Amazon_Test -->
    </test> <!-- Default test -->
  </suite> <!-- Default suite -->
</testng-results>
