<?xml version="1.0" encoding="UTF-8"?>
<!-- Generated by org.testng.reporters.JUnitXMLReporter -->
<testsuite hostname="admin-PC" tests="8" failures="0" timestamp="1 Mar 2017 18:33:57 GMT" time="67.944" errors="0">
  <testcase name="SignUp" time="5.883" classname="GmailTestCase"/>
  <testcase name="SignUp" time="5.755" classname="GmailTestCase"/>
  <testcase name="SignUp" time="5.916" classname="GmailTestCase"/>
  <testcase name="SignUp" time="5.743" classname="GmailTestCase"/>
  <testcase name="PasswordValidation" time="6.046" classname="GmailTestCase"/>
  <testcase name="PasswordValidation" time="6.33" classname="GmailTestCase"/>
  <testcase name="PasswordValidation" time="8.217" classname="GmailTestCase"/>
  <testcase name="PasswordValidation" time="5.674" classname="GmailTestCase"/>
</testsuite>
