<?xml version="1.0" encoding="UTF-8"?>
<testng-results skipped="0" failed="0" total="8" passed="8">
  <reporter-output>
  </reporter-output>
  <suite name="Default suite" duration-ms="67944" started-at="2017-03-01T18:32:49Z" finished-at="2017-03-01T18:33:57Z">
    <groups>
    </groups>
    <test name="Default test" duration-ms="67944" started-at="2017-03-01T18:32:49Z" finished-at="2017-03-01T18:33:57Z">
      <class name="GmailTestCase">
        <test-method status="PASS" signature="Open_Browser()[pri:0, instance:GmailTestCase@3d8c7aca]" name="Open_Browser" is-config="true" duration-ms="17559" started-at="2017-03-02T00:02:49Z" finished-at="2017-03-02T00:03:07Z">
          <reporter-output>
          </reporter-output>
        </test-method> <!-- Open_Browser -->
        <test-method status="PASS" signature="SignUp(java.lang.String, java.lang.String, java.lang.String, java.lang.String)[pri:1, instance:GmailTestCase@3d8c7aca]" name="SignUp" duration-ms="5883" started-at="2017-03-02T00:03:07Z" data-provider="getDataEmail" finished-at="2017-03-02T00:03:13Z">
          <params>
            <param index="0">
              <value>
                <![CDATA[]]>
              </value>
            </param>
            <param index="1">
              <value>
                <![CDATA[Please enter your email.]]>
              </value>
            </param>
            <param index="2">
              <value>
                <![CDATA[]]>
              </value>
            </param>
            <param index="3">
              <value>
                <![CDATA[]]>
              </value>
            </param>
          </params>
          <reporter-output>
          </reporter-output>
        </test-method> <!-- SignUp -->
        <test-method status="PASS" signature="SignUp(java.lang.String, java.lang.String, java.lang.String, java.lang.String)[pri:1, instance:GmailTestCase@3d8c7aca]" name="SignUp" duration-ms="5755" started-at="2017-03-02T00:03:13Z" data-provider="getDataEmail" finished-at="2017-03-02T00:03:19Z">
          <params>
            <param index="0">
              <value>
                <![CDATA[123446@#]]>
              </value>
            </param>
            <param index="1">
              <value>
                <![CDATA[Please enter a valid email address.]]>
              </value>
            </param>
            <param index="2">
              <value>
                <![CDATA[]]>
              </value>
            </param>
            <param index="3">
              <value>
                <![CDATA[]]>
              </value>
            </param>
          </params>
          <reporter-output>
          </reporter-output>
        </test-method> <!-- SignUp -->
        <test-method status="PASS" signature="SignUp(java.lang.String, java.lang.String, java.lang.String, java.lang.String)[pri:1, instance:GmailTestCase@3d8c7aca]" name="SignUp" duration-ms="5916" started-at="2017-03-02T00:03:19Z" data-provider="getDataEmail" finished-at="2017-03-02T00:03:25Z">
          <params>
            <param index="0">
              <value>
                <![CDATA[jakay00734@gmail.com]]>
              </value>
            </param>
            <param index="1">
              <value>
                <![CDATA[Sorry, Google doesn't recognize that email.]]>
              </value>
            </param>
            <param index="2">
              <value>
                <![CDATA[]]>
              </value>
            </param>
            <param index="3">
              <value>
                <![CDATA[]]>
              </value>
            </param>
          </params>
          <reporter-output>
          </reporter-output>
        </test-method> <!-- SignUp -->
        <test-method status="PASS" signature="SignUp(java.lang.String, java.lang.String, java.lang.String, java.lang.String)[pri:1, instance:GmailTestCase@3d8c7aca]" name="SignUp" duration-ms="5743" started-at="2017-03-02T00:03:25Z" data-provider="getDataEmail" finished-at="2017-03-02T00:03:31Z">
          <params>
            <param index="0">
              <value>
                <![CDATA[jakay507@gmail.com]]>
              </value>
            </param>
            <param index="1">
              <value>
                <![CDATA[]]>
              </value>
            </param>
            <param index="2">
              <value>
                <![CDATA[]]>
              </value>
            </param>
            <param index="3">
              <value>
                <![CDATA[]]>
              </value>
            </param>
          </params>
          <reporter-output>
          </reporter-output>
        </test-method> <!-- SignUp -->
        <test-method status="PASS" signature="PasswordValidation(java.lang.String, java.lang.String, java.lang.String, java.lang.String)[pri:2, instance:GmailTestCase@3d8c7aca]" name="PasswordValidation" duration-ms="6046" started-at="2017-03-02T00:03:31Z" data-provider="getDataPwds" finished-at="2017-03-02T00:03:37Z">
          <params>
            <param index="0">
              <value>
                <![CDATA[]]>
              </value>
            </param>
            <param index="1">
              <value>
                <![CDATA[Please enter your password. ]]>
              </value>
            </param>
            <param index="2">
              <value>
                <![CDATA[]]>
              </value>
            </param>
            <param index="3">
              <value>
                <![CDATA[]]>
              </value>
            </param>
          </params>
          <reporter-output>
          </reporter-output>
        </test-method> <!-- PasswordValidation -->
        <test-method status="PASS" signature="PasswordValidation(java.lang.String, java.lang.String, java.lang.String, java.lang.String)[pri:2, instance:GmailTestCase@3d8c7aca]" name="PasswordValidation" duration-ms="6330" started-at="2017-03-02T00:03:37Z" data-provider="getDataPwds" finished-at="2017-03-02T00:03:43Z">
          <params>
            <param index="0">
              <value>
                <![CDATA[1234]]>
              </value>
            </param>
            <param index="1">
              <value>
                <![CDATA[Wrong password. Try again. ]]>
              </value>
            </param>
            <param index="2">
              <value>
                <![CDATA[]]>
              </value>
            </param>
            <param index="3">
              <value>
                <![CDATA[]]>
              </value>
            </param>
          </params>
          <reporter-output>
          </reporter-output>
        </test-method> <!-- PasswordValidation -->
        <test-method status="PASS" signature="PasswordValidation(java.lang.String, java.lang.String, java.lang.String, java.lang.String)[pri:2, instance:GmailTestCase@3d8c7aca]" name="PasswordValidation" duration-ms="8217" started-at="2017-03-02T00:03:43Z" data-provider="getDataPwds" finished-at="2017-03-02T00:03:51Z">
          <params>
            <param index="0">
              <value>
                <![CDATA[rtevtyg]]>
              </value>
            </param>
            <param index="1">
              <value>
                <![CDATA[Wrong password. Try again. ]]>
              </value>
            </param>
            <param index="2">
              <value>
                <![CDATA[]]>
              </value>
            </param>
            <param index="3">
              <value>
                <![CDATA[]]>
              </value>
            </param>
          </params>
          <reporter-output>
          </reporter-output>
        </test-method> <!-- PasswordValidation -->
        <test-method status="PASS" signature="PasswordValidation(java.lang.String, java.lang.String, java.lang.String, java.lang.String)[pri:2, instance:GmailTestCase@3d8c7aca]" name="PasswordValidation" duration-ms="5674" started-at="2017-03-02T00:03:51Z" data-provider="getDataPwds" finished-at="2017-03-02T00:03:57Z">
          <params>
            <param index="0">
              <value>
                <![CDATA[bullet07@]]>
              </value>
            </param>
            <param index="1">
              <value>
                <![CDATA[]]>
              </value>
            </param>
            <param index="2">
              <value>
                <![CDATA[]]>
              </value>
            </param>
            <param index="3">
              <value>
                <![CDATA[]]>
              </value>
            </param>
          </params>
          <reporter-output>
          </reporter-output>
        </test-method> <!-- PasswordValidation -->
      </class> <!-- GmailTestCase -->
    </test> <!-- Default test -->
  </suite> <!-- Default suite -->
</testng-results>
